Scroll 1: Element not found, swiping up. Exception: WebDriver.find_elements() takes from 1 to 3 positional arguments but 6 were given
Scroll 2: Element not found, swiping up. Exception: WebDriver.find_elements() takes from 1 to 3 positional arguments but 6 were given
Scroll 3: Element not found, swiping up. Exception: WebDriver.find_elements() takes from 1 to 3 positional arguments but 6 were given
Scroll 4: Element not found, swiping up. Exception: WebDriver.find_elements() takes from 1 to 3 positional arguments but 6 were given
Scroll 5: Element not found, swiping up. Exception: WebDriver.find_elements() takes from 1 to 3 positional arguments but 6 were given
Scroll 6: Element not found, swiping up. Exception: WebDriver.find_elements() takes from 1 to 3 positional arguments but 6 were given
Scroll 7: Element not found, swiping up. Exception: WebDriver.find_elements() takes from 1 to 3 positional arguments but 6 were given
Scroll 8: Element not found, swiping up. Exception: WebDriver.find_elements() takes from 1 to 3 positional arguments but 6 were given
Scroll 9: Element not found, swiping up. Exception: WebDriver.find_elements() takes from 1 to 3 positional arguments but 6 were given
Scroll 10: Element not found, swiping up. Exception: WebDriver.find_elements() takes from 1 to 3 positional arguments but 6 were given
Max scrolls reached. Element not found using locator: xpath
