{"name": "test_full_test_tile", "status": "broken", "statusDetails": {"message": "selenium.common.exceptions.WebDriverException: Message: An unknown server-side error occurred while processing the command. Original error: 'POST /actions' cannot be proxied to UiAutomator2 server because the instrumentation process is not running (probably crashed). Check the server log and/or the logcat output for more details\nStacktrace:\nUnknownError: An unknown server-side error occurred while processing the command. Original error: 'POST /actions' cannot be proxied to UiAutomator2 server because the instrumentation process is not running (probably crashed). Check the server log and/or the logcat output for more details\n    at UIA2Proxy.command (/Users/lekhraj/node_modules/@appium/base-driver/lib/jsonwp-proxy/proxy.js:355:13)\n    at processTicksAndRejections (node:internal/process/task_queues:95:5)\n    at AndroidUiautomator2Driver.performActions (/Users/lekhraj/.appium/node_modules/appium-uiautomator2-driver/lib/commands/actions.js:66:3)", "trace": "self = <Testcases.test_E2E.TestEmbibeApp object at 0x1027392d0>\n\n    @pytest.mark.usefixtures(\"appiumdriver\", \"log_on_failure\")\n    def test_full_test_tile(self):\n        self._login_with_password()\n        TH = TestHome(self.driver)\n>       TH.full_test()\n\nTestcases/test_E2E.py:230: \n_ _ _ _ _ _ _ _ _ _ _ _ _ _ _ _ _ _ _ _ _ _ _ _ _ _ _ _ _ _ _ _ _ _ _ _ _ _ _ _ _ _ _ _ _ _ _ _ _ _ _ _ _ _ _ _ _ _ _ _ _ _ _ _ _ _ _ _ _ _ _ _ _ _ _ _ _ _ _ _ _ _ _ _\nPages/testhome.py:191: in full_test\n    ScrollUtil.scroll_until_element_is_visible(self.driver, TestHome.full_test_tile)\nUtilities/scroll_util.py:59: in scroll_until_element_is_visible\n    ScrollUtil.swipeUp(1, driver)\nUtilities/scroll_util.py:14: in swipeUp\n    driver.swipe(400, 1125, 400, 200, 1000)\n../../Library/Python/3.10/lib/python/site-packages/appium/webdriver/extensions/action_helpers.py:163: in swipe\n    actions.perform()\n../../Library/Python/3.10/lib/python/site-packages/selenium/webdriver/common/action_chains.py:94: in perform\n    self.w3c_actions.perform()\n../../Library/Python/3.10/lib/python/site-packages/selenium/webdriver/common/actions/action_builder.py:170: in perform\n    self.driver.execute(Command.W3C_ACTIONS, enc)\n../../Library/Python/3.10/lib/python/site-packages/selenium/webdriver/remote/webdriver.py:429: in execute\n    self.error_handler.check_response(response)\n_ _ _ _ _ _ _ _ _ _ _ _ _ _ _ _ _ _ _ _ _ _ _ _ _ _ _ _ _ _ _ _ _ _ _ _ _ _ _ _ _ _ _ _ _ _ _ _ _ _ _ _ _ _ _ _ _ _ _ _ _ _ _ _ _ _ _ _ _ _ _ _ _ _ _ _ _ _ _ _ _ _ _ _\n\nself = <appium.webdriver.errorhandler.MobileErrorHandler object at 0x102aa9f30>\nresponse = {'status': 500, 'value': '{\"value\":{\"error\":\"unknown error\",\"message\":\"An unknown server-side error occurred while pro...river.performActions (/Users/lekhraj/.appium/node_modules/appium-uiautomator2-driver/lib/commands/actions.js:66:3)\"}}'}\n\n    def check_response(self, response: Dict[str, Any]) -> None:\n        \"\"\"\n        https://www.w3.org/TR/webdriver/#errors\n        \"\"\"\n        payload = response.get('value', '')\n        if isinstance(payload, dict):\n            payload_dict = payload\n        else:\n            try:\n                payload_dict = json.loads(payload)\n            except (json.JSONDecodeError, TypeError):\n                return\n            if not isinstance(payload_dict, dict):\n                return\n        value = payload_dict.get('value')\n        if not isinstance(value, dict):\n            return\n        error = value.get('error')\n        if not error:\n            return\n    \n        message = value.get('message', error)\n        stacktrace = value.get('stacktrace', '')\n        # In theory, we should also be checking HTTP status codes.\n        # Java client, for example, prints a warning if the actual `error`\n        # value does not match to the response's HTTP status code.\n        exception_class: Type[sel_exceptions.WebDriverException] = ERROR_TO_EXC_MAPPING.get(\n            error, sel_exceptions.WebDriverException\n        )\n        if exception_class is sel_exceptions.WebDriverException and message:\n            if message == 'No such context found.':\n                exception_class = appium_exceptions.NoSuchContextException\n            elif message == 'That command could not be executed in the current context.':\n                exception_class = appium_exceptions.InvalidSwitchToTargetException\n    \n        if exception_class is sel_exceptions.UnexpectedAlertPresentException:\n            raise sel_exceptions.UnexpectedAlertPresentException(\n                msg=message,\n                stacktrace=format_stacktrace(stacktrace),\n                alert_text=value.get('data'),\n            )\n>       raise exception_class(msg=message, stacktrace=format_stacktrace(stacktrace))\nE       selenium.common.exceptions.WebDriverException: Message: An unknown server-side error occurred while processing the command. Original error: 'POST /actions' cannot be proxied to UiAutomator2 server because the instrumentation process is not running (probably crashed). Check the server log and/or the logcat output for more details\nE       Stacktrace:\nE       UnknownError: An unknown server-side error occurred while processing the command. Original error: 'POST /actions' cannot be proxied to UiAutomator2 server because the instrumentation process is not running (probably crashed). Check the server log and/or the logcat output for more details\nE           at UIA2Proxy.command (/Users/lekhraj/node_modules/@appium/base-driver/lib/jsonwp-proxy/proxy.js:355:13)\nE           at processTicksAndRejections (node:internal/process/task_queues:95:5)\nE           at AndroidUiautomator2Driver.performActions (/Users/lekhraj/.appium/node_modules/appium-uiautomator2-driver/lib/commands/actions.js:66:3)\n\n../../Library/Python/3.10/lib/python/site-packages/appium/webdriver/errorhandler.py:125: WebDriverException"}, "attachments": [{"name": "stdout", "source": "32929b49-bf94-4de6-94e1-bf680151d2a9-attachment.txt", "type": "text/plain"}], "start": 1745400430598, "stop": 1745400492729, "uuid": "13a77869-ee61-4224-bdc1-942301f7af73", "historyId": "02e9f110643154f1373a1fc68ea211a3", "testCaseId": "02e9f110643154f1373a1fc68ea211a3", "fullName": "Testcases.test_E2E.TestEmbibeApp#test_full_test_tile", "labels": [{"name": "tag", "value": "@pytest.mark.usefixtures('appiumdriver', 'log_on_failure')"}, {"name": "parentSuite", "value": "Testcases"}, {"name": "suite", "value": "test_E2E"}, {"name": "subSuite", "value": "TestEmbibeApp"}, {"name": "host", "value": "EBL-C02H385BQ6L4.local"}, {"name": "thread", "value": "17246-MainThread"}, {"name": "framework", "value": "pytest"}, {"name": "language", "value": "cpython3"}, {"name": "package", "value": "Testcases.test_E2E"}]}