{"name": "test_edit_goal_exam", "status": "broken", "statusDetails": {"message": "selenium.common.exceptions.WebDriverException: Message: An unknown server-side error occurred while processing the command. Original error: Error getting device API level. Original error: Error executing adbExec. Original error: 'Command '/Users/lekhraj/Library/Android/sdk/platform-tools/adb -P 5037 -s 100ba177 shell getprop ro.build.version.sdk' timed out after 20000ms'. Try to increase the 20000ms adb execution timeout represented by 'adbExecTimeout' capability\nStacktrace:\nUnknownError: An unknown server-side error occurred while processing the command. Original error: Error getting device API level. Original error: Error executing adbExec. Original error: 'Command '/Users/lekhraj/Library/Android/sdk/platform-tools/adb -P 5037 -s 100ba177 shell getprop ro.build.version.sdk' timed out after 20000ms'. Try to increase the 20000ms adb execution timeout represented by 'adbExecTimeout' capability\n    at getResponseForW3CError (/Users/lekhraj/npm-packages/lib/node_modules/appium/node_modules/@appium/base-driver/lib/protocol/errors.js:1143:9)\n    at asyncHandler (/Users/lekhraj/npm-packages/lib/node_modules/appium/node_modules/@appium/base-driver/lib/protocol/protocol.js:487:57)", "trace": "request = <SubRequest 'appiumdriver' for <Function test_edit_goal_exam>>\n\n    @pytest.fixture\n    def appiumdriver(request):\n        desired_caps = {\n            'deviceName': 'Android',\n            'platformName': 'Android',\n            'appActivity': 'com.embibe.jioembibe.mobile.LandingActivity',\n            'appPackage': 'com.embibe.student',\n            'automationName': 'UiAutomator2',\n             'udid' : '100ba177',\n             'ignoreHiddenApiPolicyError' : True,  # Corrected to use the string key\n            'autoGrantPermissions': True\n    \n        }\n        global driver\n        option=UiAutomator2Options().load_capabilities(desired_caps)\n>       driver = webdriver.Remote(\"http://127.0.0.1:4723\", options=option)\n\nTestcases/conftest.py:32: \n_ _ _ _ _ _ _ _ _ _ _ _ _ _ _ _ _ _ _ _ _ _ _ _ _ _ _ _ _ _ _ _ _ _ _ _ _ _ _ _ _ _ _ _ _ _ _ _ _ _ _ _ _ _ _ _ _ _ _ _ _ _ _ _ _ _ _ _ _ _ _ _ _ _ _ _ _ _ _ _ _ _ _ _\n../../Library/Python/3.10/lib/python/site-packages/appium/webdriver/webdriver.py:236: in __init__\n    super().__init__(\n../../Library/Python/3.10/lib/python/site-packages/selenium/webdriver/remote/webdriver.py:250: in __init__\n    self.start_session(capabilities)\n../../Library/Python/3.10/lib/python/site-packages/appium/webdriver/webdriver.py:327: in start_session\n    response = self.execute(RemoteCommand.NEW_SESSION, w3c_caps)\n../../Library/Python/3.10/lib/python/site-packages/selenium/webdriver/remote/webdriver.py:429: in execute\n    self.error_handler.check_response(response)\n_ _ _ _ _ _ _ _ _ _ _ _ _ _ _ _ _ _ _ _ _ _ _ _ _ _ _ _ _ _ _ _ _ _ _ _ _ _ _ _ _ _ _ _ _ _ _ _ _ _ _ _ _ _ _ _ _ _ _ _ _ _ _ _ _ _ _ _ _ _ _ _ _ _ _ _ _ _ _ _ _ _ _ _\n\nself = <selenium.webdriver.remote.errorhandler.ErrorHandler object at 0x106a3c160>\nresponse = {'status': 500, 'value': '{\"value\":{\"error\":\"unknown error\",\"message\":\"An unknown server-side error occurred while pro...ers/lekhraj/npm-packages/lib/node_modules/appium/node_modules/@appium/base-driver/lib/protocol/protocol.js:487:57)\"}}'}\n\n    def check_response(self, response: Dict[str, Any]) -> None:\n        \"\"\"Checks that a JSON response from the WebDriver does not have an\n        error.\n    \n        :Args:\n         - response - The JSON response from the WebDriver server as a dictionary\n           object.\n    \n        :Raises: If the response contains an error message.\n        \"\"\"\n        status = response.get(\"status\", None)\n        if not status or status == ErrorCode.SUCCESS:\n            return\n        value = None\n        message = response.get(\"message\", \"\")\n        screen: str = response.get(\"screen\", \"\")\n        stacktrace = None\n        if isinstance(status, int):\n            value_json = response.get(\"value\", None)\n            if value_json and isinstance(value_json, str):\n                import json\n    \n                try:\n                    value = json.loads(value_json)\n                    if len(value) == 1:\n                        value = value[\"value\"]\n                    status = value.get(\"error\", None)\n                    if not status:\n                        status = value.get(\"status\", ErrorCode.UNKNOWN_ERROR)\n                        message = value.get(\"value\") or value.get(\"message\")\n                        if not isinstance(message, str):\n                            value = message\n                            message = message.get(\"message\")\n                    else:\n                        message = value.get(\"message\", None)\n                except ValueError:\n                    pass\n    \n        exception_class: Type[WebDriverException]\n        e = ErrorCode()\n        error_codes = [item for item in dir(e) if not item.startswith(\"__\")]\n        for error_code in error_codes:\n            error_info = getattr(ErrorCode, error_code)\n            if isinstance(error_info, list) and status in error_info:\n                exception_class = getattr(ExceptionMapping, error_code, WebDriverException)\n                break\n        else:\n            exception_class = WebDriverException\n    \n        if not value:\n            value = response[\"value\"]\n        if isinstance(value, str):\n            raise exception_class(value)\n        if message == \"\" and \"message\" in value:\n            message = value[\"message\"]\n    \n        screen = None  # type: ignore[assignment]\n        if \"screen\" in value:\n            screen = value[\"screen\"]\n    \n        stacktrace = None\n        st_value = value.get(\"stackTrace\") or value.get(\"stacktrace\")\n        if st_value:\n            if isinstance(st_value, str):\n                stacktrace = st_value.split(\"\\n\")\n            else:\n                stacktrace = []\n                try:\n                    for frame in st_value:\n                        line = frame.get(\"lineNumber\", \"\")\n                        file = frame.get(\"fileName\", \"<anonymous>\")\n                        if line:\n                            file = f\"{file}:{line}\"\n                        meth = frame.get(\"methodName\", \"<anonymous>\")\n                        if \"className\" in frame:\n                            meth = f\"{frame['className']}.{meth}\"\n                        msg = \"    at %s (%s)\"\n                        msg = msg % (meth, file)\n                        stacktrace.append(msg)\n                except TypeError:\n                    pass\n        if exception_class == UnexpectedAlertPresentException:\n            alert_text = None\n            if \"data\" in value:\n                alert_text = value[\"data\"].get(\"text\")\n            elif \"alert\" in value:\n                alert_text = value[\"alert\"].get(\"text\")\n            raise exception_class(message, screen, stacktrace, alert_text)  # type: ignore[call-arg]  # mypy is not smart enough here\n>       raise exception_class(message, screen, stacktrace)\nE       selenium.common.exceptions.WebDriverException: Message: An unknown server-side error occurred while processing the command. Original error: Error getting device API level. Original error: Error executing adbExec. Original error: 'Command '/Users/lekhraj/Library/Android/sdk/platform-tools/adb -P 5037 -s 100ba177 shell getprop ro.build.version.sdk' timed out after 20000ms'. Try to increase the 20000ms adb execution timeout represented by 'adbExecTimeout' capability\nE       Stacktrace:\nE       UnknownError: An unknown server-side error occurred while processing the command. Original error: Error getting device API level. Original error: Error executing adbExec. Original error: 'Command '/Users/lekhraj/Library/Android/sdk/platform-tools/adb -P 5037 -s 100ba177 shell getprop ro.build.version.sdk' timed out after 20000ms'. Try to increase the 20000ms adb execution timeout represented by 'adbExecTimeout' capability\nE           at getResponseForW3CError (/Users/lekhraj/npm-packages/lib/node_modules/appium/node_modules/@appium/base-driver/lib/protocol/errors.js:1143:9)\nE           at asyncHandler (/Users/lekhraj/npm-packages/lib/node_modules/appium/node_modules/@appium/base-driver/lib/protocol/protocol.js:487:57)\n\n../../Library/Python/3.10/lib/python/site-packages/selenium/webdriver/remote/errorhandler.py:232: WebDriverException"}, "start": 1745397328873, "stop": 1745397328873, "uuid": "c24214e2-22ba-4d8f-9548-6b2ceef63f5d", "historyId": "506ca483c682f91ea79b1a6a152c1598", "testCaseId": "506ca483c682f91ea79b1a6a152c1598", "fullName": "Testcases.test_E2E.TestEmbibeApp#test_edit_goal_exam", "labels": [{"name": "tag", "value": "@pytest.mark.usefixtures('appiumdriver', 'log_on_failure')"}, {"name": "parentSuite", "value": "Testcases"}, {"name": "suite", "value": "test_E2E"}, {"name": "subSuite", "value": "TestEmbibeApp"}, {"name": "host", "value": "EBL-C02H385BQ6L4.local"}, {"name": "thread", "value": "17118-MainThread"}, {"name": "framework", "value": "pytest"}, {"name": "language", "value": "cpython3"}, {"name": "package", "value": "Testcases.test_E2E"}]}